<?xml version="1.0" encoding="UTF-8"?>
<!-- Generated by org.testng.reporters.JUnitXMLReporter -->
<testsuite hostname="Sandeeps-MacBook-Air.local" ignored="0" name="Default test" tests="2" failures="0" timestamp="21 May 2021 22:41:06 GMT" time="83.213" errors="0">
  <testcase name="flightTest" time="38.279" classname="org.spariharconsultinginc.DesignPatterns.DemoTest"/>
  <testcase name="flightTest" time="37.002" classname="org.spariharconsultinginc.DesignPatterns.DemoTest"/>
</testsuite> <!-- Default test -->
