<?xml version="1.0" encoding="UTF-8"?>
<testng-results skipped="0" failed="0" ignored="0" total="2" passed="2">
  <reporter-output>
  </reporter-output>
  <suite name="Default suite" duration-ms="83213" started-at="2021-05-21T22:39:43Z" finished-at="2021-05-21T22:41:06Z">
    <groups>
    </groups>
    <test name="Default test" duration-ms="83213" started-at="2021-05-21T22:39:43Z" finished-at="2021-05-21T22:41:06Z">
      <class name="org.spariharconsultinginc.DesignPatterns.DemoTest">
        <test-method status="PASS" signature="setUp()[pri:0, instance:org.spariharconsultinginc.DesignPatterns.DemoTest@3c0ecd4b]" name="setUp" is-config="true" duration-ms="5748" started-at="2021-05-21T22:39:43Z" finished-at="2021-05-21T22:39:49Z">
          <reporter-output>
          </reporter-output>
        </test-method> <!-- setUp -->
        <test-method status="PASS" signature="flightTest(java.util.HashMap)[pri:0, instance:org.spariharconsultinginc.DesignPatterns.DemoTest@3c0ecd4b]" name="flightTest" duration-ms="38279" started-at="2021-05-21T22:39:50Z" data-provider="getDataFromJson" finished-at="2021-05-21T22:40:28Z">
          <params>
            <param index="0">
              <value>
                <![CDATA[{destination=HYD, origin2=DEL, origin=MAA}]]>
              </value>
            </param>
          </params>
          <reporter-output>
          </reporter-output>
        </test-method> <!-- flightTest -->
        <test-method status="PASS" signature="flightTest(java.util.HashMap)[pri:0, instance:org.spariharconsultinginc.DesignPatterns.DemoTest@3c0ecd4b]" name="flightTest" duration-ms="37002" started-at="2021-05-21T22:40:28Z" data-provider="getDataFromJson" finished-at="2021-05-21T22:41:05Z">
          <params>
            <param index="0">
              <value>
                <![CDATA[{destination=HYD, origin2=MAA, origin=DEL}]]>
              </value>
            </param>
          </params>
          <reporter-output>
          </reporter-output>
        </test-method> <!-- flightTest -->
        <test-method status="PASS" signature="tearDown()[pri:0, instance:org.spariharconsultinginc.DesignPatterns.DemoTest@3c0ecd4b]" name="tearDown" is-config="true" duration-ms="1174" started-at="2021-05-21T22:41:05Z" finished-at="2021-05-21T22:41:06Z">
          <reporter-output>
          </reporter-output>
        </test-method> <!-- tearDown -->
      </class> <!-- org.spariharconsultinginc.DesignPatterns.DemoTest -->
    </test> <!-- Default test -->
  </suite> <!-- Default suite -->
</testng-results>
